  [1m[35m (0.1ms)[0m  [1m[34mSELECT sqlite_version(*)[0m
  ↳ bin/rails:9
  [1m[35m (164.8ms)[0m  [1m[35mCREATE TABLE "schema_migrations" ("version" varchar NOT NULL PRIMARY KEY)[0m
  ↳ bin/rails:9
  [1m[35m (124.7ms)[0m  [1m[35mCREATE TABLE "ar_internal_metadata" ("key" varchar NOT NULL PRIMARY KEY, "value" varchar, "created_at" datetime NOT NULL, "updated_at" datetime NOT NULL)[0m
  ↳ bin/rails:9
  [1m[35m (0.3ms)[0m  [1m[34mSELECT "schema_migrations"."version" FROM "schema_migrations" ORDER BY "schema_migrations"."version" ASC[0m
  ↳ bin/rails:9
Migrating to CreateTweets (20190808142342)
  [1m[35m (0.1ms)[0m  [1m[36mbegin transaction[0m
  ↳ bin/rails:9
  [1m[35m (0.4ms)[0m  [1m[35mCREATE TABLE "tweets" ("id" integer PRIMARY KEY AUTOINCREMENT NOT NULL, "notes" text, "status" boolean, "created_at" datetime NOT NULL, "updated_at" datetime NOT NULL)[0m
  ↳ db/migrate/20190808142342_create_tweets.rb:3
  [1m[36mActiveRecord::SchemaMigration Create (0.3ms)[0m  [1m[32mINSERT INTO "schema_migrations" ("version") VALUES (?)[0m  [["version", "20190808142342"]]
  ↳ bin/rails:9
  [1m[35m (126.1ms)[0m  [1m[36mcommit transaction[0m
  ↳ bin/rails:9
  [1m[36mActiveRecord::InternalMetadata Load (0.6ms)[0m  [1m[34mSELECT  "ar_internal_metadata".* FROM "ar_internal_metadata" WHERE "ar_internal_metadata"."key" = ? LIMIT ?[0m  [["key", "environment"], ["LIMIT", 1]]
  ↳ bin/rails:9
  [1m[35m (0.1ms)[0m  [1m[36mbegin transaction[0m
  ↳ bin/rails:9
  [1m[36mActiveRecord::InternalMetadata Create (0.6ms)[0m  [1m[32mINSERT INTO "ar_internal_metadata" ("key", "value", "created_at", "updated_at") VALUES (?, ?, ?, ?)[0m  [["key", "environment"], ["value", "development"], ["created_at", "2019-08-08 14:23:57.650957"], ["updated_at", "2019-08-08 14:23:57.650957"]]
  ↳ bin/rails:9
  [1m[35m (94.0ms)[0m  [1m[36mcommit transaction[0m
  ↳ bin/rails:9
  [1m[35m (0.4ms)[0m  [1m[34mSELECT "schema_migrations"."version" FROM "schema_migrations" ORDER BY "schema_migrations"."version" ASC[0m
  ↳ bin/rails:9
Started GET "/admin" for ::1 at 2019-08-08 19:24:37 +0500
  [1m[35m (0.1ms)[0m  [1m[34mSELECT "schema_migrations"."version" FROM "schema_migrations" ORDER BY "schema_migrations"."version" ASC[0m
  ↳ /home/junaid/.rvm/gems/ruby-2.6.3/gems/activerecord-5.2.3/lib/active_record/log_subscriber.rb:98
  
ActionController::RoutingError (No route matches [GET] "/admin"):
  
actionpack (5.2.3) lib/action_dispatch/middleware/debug_exceptions.rb:65:in `call'
web-console (3.7.0) lib/web_console/middleware.rb:135:in `call_app'
web-console (3.7.0) lib/web_console/middleware.rb:30:in `block in call'
web-console (3.7.0) lib/web_console/middleware.rb:20:in `catch'
web-console (3.7.0) lib/web_console/middleware.rb:20:in `call'
actionpack (5.2.3) lib/action_dispatch/middleware/show_exceptions.rb:33:in `call'
railties (5.2.3) lib/rails/rack/logger.rb:38:in `call_app'
railties (5.2.3) lib/rails/rack/logger.rb:26:in `block in call'
activesupport (5.2.3) lib/active_support/tagged_logging.rb:71:in `block in tagged'
activesupport (5.2.3) lib/active_support/tagged_logging.rb:28:in `tagged'
activesupport (5.2.3) lib/active_support/tagged_logging.rb:71:in `tagged'
railties (5.2.3) lib/rails/rack/logger.rb:26:in `call'
sprockets-rails (3.2.1) lib/sprockets/rails/quiet_assets.rb:13:in `call'
actionpack (5.2.3) lib/action_dispatch/middleware/remote_ip.rb:81:in `call'
actionpack (5.2.3) lib/action_dispatch/middleware/request_id.rb:27:in `call'
rack (2.0.7) lib/rack/method_override.rb:22:in `call'
rack (2.0.7) lib/rack/runtime.rb:22:in `call'
activesupport (5.2.3) lib/active_support/cache/strategy/local_cache_middleware.rb:29:in `call'
actionpack (5.2.3) lib/action_dispatch/middleware/executor.rb:14:in `call'
actionpack (5.2.3) lib/action_dispatch/middleware/static.rb:127:in `call'
rack (2.0.7) lib/rack/sendfile.rb:111:in `call'
railties (5.2.3) lib/rails/engine.rb:524:in `call'
puma (3.12.1) lib/puma/configuration.rb:227:in `call'
puma (3.12.1) lib/puma/server.rb:660:in `handle_request'
puma (3.12.1) lib/puma/server.rb:474:in `process_client'
puma (3.12.1) lib/puma/server.rb:334:in `block in run'
puma (3.12.1) lib/puma/thread_pool.rb:135:in `block in spawn_thread'
Started GET "/" for ::1 at 2019-08-08 19:24:40 +0500
Processing by Rails::WelcomeController#index as HTML
  Rendering /home/junaid/.rvm/gems/ruby-2.6.3/gems/railties-5.2.3/lib/rails/templates/rails/welcome/index.html.erb
  Rendered /home/junaid/.rvm/gems/ruby-2.6.3/gems/railties-5.2.3/lib/rails/templates/rails/welcome/index.html.erb (5.9ms)
Completed 200 OK in 21ms (Views: 8.9ms | ActiveRecord: 0.0ms)


Started GET "/tweets" for ::1 at 2019-08-08 19:24:50 +0500
Processing by TweetsController#index as HTML
  Rendering tweets/index.html.erb within layouts/application
  [1m[36mTweet Load (0.2ms)[0m  [1m[34mSELECT "tweets".* FROM "tweets"[0m
  ↳ app/views/tweets/index.html.erb:15
  Rendered tweets/index.html.erb within layouts/application (3.4ms)
Completed 200 OK in 1644ms (Views: 1638.5ms | ActiveRecord: 0.8ms)


Started GET "/tweets/new" for ::1 at 2019-08-08 19:24:54 +0500
Processing by TweetsController#new as HTML
  Rendering tweets/new.html.erb within layouts/application
  Rendered tweets/_form.html.erb (103.4ms)
  Rendered tweets/new.html.erb within layouts/application (106.0ms)
Completed 200 OK in 185ms (Views: 158.5ms | ActiveRecord: 1.0ms)


Started GET "/tweets/new" for ::1 at 2019-08-08 19:27:55 +0500
Processing by TweetsController#new as HTML
  Rendering tweets/new.html.erb within layouts/application
  Rendered tweets/_form.html.erb (2.2ms)
  Rendered tweets/new.html.erb within layouts/application (3.1ms)
Completed 200 OK in 31ms (Views: 18.6ms | ActiveRecord: 1.1ms)


Started POST "/tweets" for ::1 at 2019-08-08 19:27:56 +0500
Processing by TweetsController#create as HTML
  Parameters: {"utf8"=>"✓", "authenticity_token"=>"WUyFcF/t3h1+09lr4U1ImtdNxPT8UWL1s35V9d4Y/BoLzu8W34dHxkP14RvMKoYnN6TjnePmd2Z/gX9KjWfVxg==", "tweet"=>{"notes"=>"", "status"=>"0"}, "commit"=>"Create Tweet"}
  [1m[35m (0.2ms)[0m  [1m[36mbegin transaction[0m
  ↳ app/controllers/tweets_controller.rb:30
  [1m[35m (0.2ms)[0m  [1m[31mrollback transaction[0m
  ↳ app/controllers/tweets_controller.rb:30
  Rendering tweets/new.html.erb within layouts/application
  Rendered tweets/_form.html.erb (2.8ms)
  Rendered tweets/new.html.erb within layouts/application (3.8ms)
Completed 200 OK in 30ms (Views: 24.4ms | ActiveRecord: 0.5ms)


Started POST "/tweets" for ::1 at 2019-08-08 19:28:29 +0500
Processing by TweetsController#create as HTML
  Parameters: {"utf8"=>"✓", "authenticity_token"=>"Nn9Nn+h/Ud4TTqxQcNmDUwgD6nUb3/AUx2rGIed7ehJk/Sf5aBXIBS5olCBdvk3u6OrNHARo5YcLleyetARTzg==", "tweet"=>{"notes"=>"Lorem Ipsum is simply dummy text of the printing and typesetting industry. Lorem Ipsum has been the industry's standard dummy text ever since the 1500s, when an unknown printer took a galley of type and scrambled it to make a type specimen book. It has survived not only five centuries, but also the leap into electronic typesetting, remaining essentially unchanged. It was popularised in the 1960s with the release of Letraset sheets containing Lorem Ipsum passages, and more recently with desktop publishing software like Aldus PageMaker including versions of Lorem Ipsum.\r\n\r\nWhy do we use it?\r\nIt is a long established fact that a reader will be distracted by the readable content of a page when looking at its layout. The point of using Lorem Ipsum is that it has a more-or-less normal distribution of letters, as opposed to using 'Content here, content here', making it look like readable English. Many desktop publishing packages and web page editors now use Lorem Ipsum as their default model text, and a search for 'lorem ipsum' will uncover many web sites still in their infancy. Various versions have evolved over the years, sometimes by accident, sometimes on purpose (injected humour and the like).", "status"=>"0"}, "commit"=>"Create Tweet"}
  [1m[35m (0.2ms)[0m  [1m[36mbegin transaction[0m
  ↳ app/controllers/tweets_controller.rb:30
  [1m[35m (0.1ms)[0m  [1m[31mrollback transaction[0m
  ↳ app/controllers/tweets_controller.rb:30
  Rendering tweets/new.html.erb within layouts/application
  Rendered tweets/_form.html.erb (5.0ms)
  Rendered tweets/new.html.erb within layouts/application (7.3ms)
Completed 200 OK in 53ms (Views: 46.1ms | ActiveRecord: 0.4ms)


Started POST "/tweets" for ::1 at 2019-08-08 19:29:24 +0500
Processing by TweetsController#create as HTML
  Parameters: {"utf8"=>"✓", "authenticity_token"=>"wiT6OMkrw/wWWDjcsB5V6MTWiahLTpbmtQo0aMqPLE6QppBeSUFaJyt+AKydeZtVJD+uwVT5g3V59R7XmfAFkg==", "tweet"=>{"notes"=>"Lorem Ipsum is simply dummy text of the printing and typesetting industry. Lorem Ipsum has been the industry's standard dummy text ever since the 1500s, when an unknown printer took \r\n", "status"=>"0"}, "commit"=>"Create Tweet"}
  [1m[35m (0.1ms)[0m  [1m[36mbegin transaction[0m
  ↳ app/controllers/tweets_controller.rb:30
  [1m[36mTweet Create (0.3ms)[0m  [1m[32mINSERT INTO "tweets" ("notes", "status", "created_at", "updated_at") VALUES (?, ?, ?, ?)[0m  [["notes", "Lorem Ipsum is simply dummy text of the printing and typesetting industry. Lorem Ipsum has been the industry's standard dummy text ever since the 1500s, when an unknown printer took \r\n"], ["status", 0], ["created_at", "2019-08-08 14:29:24.873798"], ["updated_at", "2019-08-08 14:29:24.873798"]]
  ↳ app/controllers/tweets_controller.rb:30
  [1m[35m (92.9ms)[0m  [1m[36mcommit transaction[0m
  ↳ app/controllers/tweets_controller.rb:30
Redirected to http://localhost:3000/tweets/1
Completed 302 Found in 101ms (ActiveRecord: 93.3ms)


Started GET "/tweets/1" for ::1 at 2019-08-08 19:29:24 +0500
Processing by TweetsController#show as HTML
  Parameters: {"id"=>"1"}
  [1m[36mTweet Load (0.2ms)[0m  [1m[34mSELECT  "tweets".* FROM "tweets" WHERE "tweets"."id" = ? LIMIT ?[0m  [["id", 1], ["LIMIT", 1]]
  ↳ app/controllers/tweets_controller.rb:67
  Rendering tweets/show.html.erb within layouts/application
  Rendered tweets/show.html.erb within layouts/application (0.9ms)
Completed 200 OK in 108ms (Views: 25.2ms | ActiveRecord: 0.2ms)


Started GET "/tweets" for ::1 at 2019-08-08 19:29:27 +0500
Processing by TweetsController#index as HTML
  Rendering tweets/index.html.erb within layouts/application
  [1m[36mTweet Load (0.6ms)[0m  [1m[34mSELECT "tweets".* FROM "tweets"[0m
  ↳ app/views/tweets/index.html.erb:15
  Rendered tweets/index.html.erb within layouts/application (5.2ms)
Completed 200 OK in 62ms (Views: 58.7ms | ActiveRecord: 0.6ms)


Started GET "/tweets" for ::1 at 2019-08-08 19:30:09 +0500
Processing by TweetsController#index as HTML
  Rendering tweets/index.html.erb within layouts/application
  [1m[36mTweet Load (0.2ms)[0m  [1m[34mSELECT "tweets".* FROM "tweets"[0m
  ↳ app/views/tweets/index.html.erb:15
  Rendered tweets/index.html.erb within layouts/application (2.4ms)
Completed 200 OK in 30ms (Views: 28.0ms | ActiveRecord: 0.2ms)


Started GET "/tweets/new" for ::1 at 2019-08-08 19:30:12 +0500
Processing by TweetsController#new as HTML
  Rendering tweets/new.html.erb within layouts/application
  Rendered tweets/_form.html.erb (4.6ms)
  Rendered tweets/new.html.erb within layouts/application (6.9ms)
Completed 200 OK in 31ms (Views: 28.2ms | ActiveRecord: 0.0ms)


Started POST "/tweets" for ::1 at 2019-08-08 19:30:23 +0500
Processing by TweetsController#create as HTML
  Parameters: {"utf8"=>"✓", "authenticity_token"=>"Ua1h2v0j7lksS1TgqNlmmF8cAZEK4kR5f2DBuBVnPjo7zuGY8wd7fVW/RgI+Md5qgF7zy+HR/AzWon9wp2lQjA==", "tweet"=>{"notes"=>"Lorem Ipsum is simply dummy text of the printing and typesetting industry. Lorem Ipsum has been the industry's standard dummy text ever since the 1500s, when an unknown printer took a galley of type and scrambled it to make a type specimen book. It has survived not only five centuries, but also the leap into electronic typesetting, remaining essentially unchanged. It was popularised in the 1960s with the release of Letraset sheets containing Lorem Ipsum passages, and more recently with desktop publishing software like Aldus PageMaker including versions of Lorem Ipsum.\r\n\r\nWhy do we use it?\r\nIt is a long established fact that a reader will be distracted by the readable content of a page when looking at its layout. The point of using Lorem Ipsum is that it has a more-or-less normal distribution of letters, as opposed to using 'Content here, content here', making it look like readable English. Many desktop publishing packages and web page editors now use Lorem Ipsum as their default model text, and a search for 'lorem ipsum' will uncover many web sites still in their infancy. Various versions have evolved over the years, sometimes by accident, sometimes on purpose (injected humour and the like).", "status"=>"0"}, "commit"=>"Create Tweet"}
  [1m[35m (0.1ms)[0m  [1m[36mbegin transaction[0m
  ↳ app/controllers/tweets_controller.rb:30
  [1m[35m (0.0ms)[0m  [1m[31mrollback transaction[0m
  ↳ app/controllers/tweets_controller.rb:30
  Rendering tweets/new.html.erb within layouts/application
  Rendered tweets/_form.html.erb (2.3ms)
  Rendered tweets/new.html.erb within layouts/application (3.1ms)
Completed 200 OK in 28ms (Views: 25.8ms | ActiveRecord: 0.1ms)


